2025-05-16 11:24:38,435 | DEBUG | app_logger - Создание моделей...
2025-05-16 11:24:38,504 | DEBUG | app_logger - Таблица UserVPNKey уже существует.
2025-05-16 11:24:38,505 | DEBUG | app_logger - Столбец vpn_key_id отсутствует, перенос данных не требуется.
2025-05-16 11:24:38,507 | INFO | app_logger - Миграция 001_user_vpnkey.py успешно применена.
2025-05-16 11:24:38,507 | INFO | app_logger - Запуск миграций...
2025-05-16 11:24:38,901 | INFO | app_logger - Загрузка базовых команд...
2025-05-16 11:25:07,417 | DEBUG | app_logger - Создание моделей...
2025-05-16 11:25:07,418 | INFO | app_logger - Миграция 001_user_vpnkey.py уже применена.
2025-05-16 11:25:07,419 | INFO | app_logger - Запуск миграций...
2025-05-16 11:25:07,667 | INFO | app_logger - Загрузка базовых команд...
2025-05-16 11:26:20,639 | DEBUG | app_logger - Создание моделей...
2025-05-16 11:26:20,639 | INFO | app_logger - Миграция 001_user_vpnkey.py уже применена.
2025-05-16 11:26:20,640 | INFO | app_logger - Запуск миграций...
2025-05-16 11:26:20,853 | INFO | app_logger - Загрузка базовых команд...
2025-05-16 11:26:53,728 | DEBUG | app_logger - Создание моделей...
2025-05-16 11:26:53,729 | INFO | app_logger - Миграция 001_user_vpnkey.py уже применена.
2025-05-16 11:26:53,729 | INFO | app_logger - Запуск миграций...
2025-05-16 11:26:54,294 | INFO | app_logger - Загрузка базовых команд...
2025-05-16 11:38:39,370 | DEBUG | app_logger - Создание моделей...
2025-05-16 11:38:39,371 | INFO | app_logger - Миграция 001_user_vpnkey.py уже применена.
2025-05-16 11:38:39,371 | INFO | app_logger - Запуск миграций...
2025-05-16 11:38:39,637 | INFO | app_logger - Загрузка базовых команд...
2025-05-16 11:38:39,642 | INFO | app_logger - Запущен планировщик для проверки подписки пользователей и отзыва ключей.
2025-05-16 11:38:39,643 | INFO | app_logger - Проверка пользователей...
2025-05-16 11:38:39,699 | INFO | app_logger - Бот @xDoubleVPN_bot запущен.
2025-05-16 11:38:45,771 | INFO | app_logger - Внимание! Новый юзер: dlma - cloud_nnine
2025-05-16 11:38:57,627 | INFO | app_logger - Пользователь dlma вызвал команду /location
2025-05-16 11:39:03,612 | INFO | app_logger - Пользователь dlma зашел в юзер панель.
2025-05-16 11:40:00,047 | INFO | app_logger - Пользователь dlma зашел в юзер панель.
2025-05-16 11:40:02,758 | INFO | app_logger - Пользователь dlma вернулся в главное меню
2025-05-16 11:40:06,438 | INFO | app_logger - Пользователь dlma зашел в юзер панель.
2025-05-16 11:40:16,471 | INFO | app_logger - Администратор dlma зашел в админ панель.
2025-05-16 11:40:18,141 | INFO | app_logger - Администратор dlma зашел в панель управления серверами.
2025-05-16 11:41:33,903 | INFO | app_logger - Администратор dlma начинает настройку сервера Amsterdam
2025-05-16 11:41:34,011 | ERROR | app_logger - Ошибка при настройке сервера Amsterdam: ('89.208.97.164 ssh-rsa AAAAB3NzaC1yc2EAAAADAQABAAABgQCJDnbyawRQnti72aEGAqiyKdrzbh4N+vkfyMogF09A5ZzyMB49pOHzypV0Hs45bM6nPPsqUrn9Vds+RL4i4QUCUSDIkUsFC0cdTKspr9sQKa6nTTMVjtgMI/IuKbGPZ5p93S5L3yFB0TLaHDbQaeRkRu+0gsly6UHHR9Q94rQ5UUSEDmN6VjaM3kqIJNp5VFqraz2KRnTyTzb7LstAIzEXE05oyIbyvhQMF7g2DTR3u2EGY8A08UByO3KP0rUoQg6Tx8/BYFbquGBrQn/kIH1qrTYNTywUkzQj0MNsD077lMXYephYv0beDkJpX58Mui9/kTqoZfEKCTO2mHcaxoUKrkJq/RhtV3EiKq0W6LlL2U3VNVU4jgbkeCEAhIcmvTggA1fqe', Error('Invalid base64-encoded string: number of data characters (421) cannot be 1 more than a multiple of 4'))
2025-05-16 11:42:09,690 | INFO | app_logger - Пользователь dlma зашел в юзер панель.
2025-05-16 11:42:12,936 | INFO | app_logger - Администратор dlma зашел в админ панель.
2025-05-16 11:42:14,724 | INFO | app_logger - Администратор dlma зашел в панель управления серверами.
2025-05-16 11:42:33,512 | INFO | app_logger - Администратор dlma начинает настройку сервера Amsterdam
2025-05-16 11:42:33,604 | ERROR | app_logger - Ошибка при настройке сервера Amsterdam: ('89.208.97.164 ssh-rsa AAAAB3NzaC1yc2EAAAADAQABAAABgQCJDnbyawRQnti72aEGAqiyKdrzbh4N+vkfyMogF09A5ZzyMB49pOHzypV0Hs45bM6nPPsqUrn9Vds+RL4i4QUCUSDIkUsFC0cdTKspr9sQKa6nTTMVjtgMI/IuKbGPZ5p93S5L3yFB0TLaHDbQaeRkRu+0gsly6UHHR9Q94rQ5UUSEDmN6VjaM3kqIJNp5VFqraz2KRnTyTzb7LstAIzEXE05oyIbyvhQMF7g2DTR3u2EGY8A08UByO3KP0rUoQg6Tx8/BYFbquGBrQn/kIH1qrTYNTywUkzQj0MNsD077lMXYephYv0beDkJpX58Mui9/kTqoZfEKCTO2mHcaxoUKrkJq/RhtV3EiKq0W6LlL2U3VNVU4jgbkeCEAhIcmvTggA1fqe', Error('Invalid base64-encoded string: number of data characters (421) cannot be 1 more than a multiple of 4'))
2025-05-16 11:43:38,233 | INFO | app_logger - Администратор dlma вызвал команду /message_sending.
2025-05-16 11:43:39,649 | INFO | app_logger - Проверка пользователей...
2025-05-16 11:44:05,523 | INFO | app_logger - Администратор dlma вызвал команду /message_sending.
2025-05-16 11:44:08,047 | INFO | app_logger - Администратор dlma начал рассылку сообщений: Т
2025-05-16 11:44:13,436 | INFO | app_logger - Пользователь dlma зашел в юзер панель.
2025-05-16 11:44:15,299 | INFO | app_logger - Пользователь dlma вернулся в главное меню
2025-05-16 11:44:21,160 | INFO | app_logger - Администратор dlma вызвал команду /add_vpn_key.
2025-05-16 11:44:25,775 | INFO | app_logger - Администратор dlma зашел в админ панель.
2025-05-16 11:44:27,530 | INFO | app_logger - Администратор dlma зашел в юзер панель.
2025-05-16 11:44:30,576 | INFO | app_logger - Администратор dlma вернулся к выбору опций.
2025-05-16 11:44:32,155 | INFO | app_logger - Администратор dlma зашел в панель управления серверами.
2025-05-16 11:48:39,647 | INFO | app_logger - Проверка пользователей...
2025-06-06 22:16:58,112 | DEBUG | app_logger - Создание моделей...
2025-06-06 22:16:58,113 | INFO | app_logger - Миграция 001_user_vpnkey.py уже применена.
2025-06-06 22:16:58,113 | INFO | app_logger - Запуск миграций...
2025-06-06 22:16:58,400 | INFO | app_logger - Загрузка базовых команд...
2025-06-06 22:16:58,403 | INFO | app_logger - Запущен планировщик для проверки подписки пользователей и отзыва ключей.
2025-06-06 22:16:58,403 | INFO | app_logger - Проверка пользователей...
2025-06-06 22:16:58,481 | INFO | app_logger - Бот @xDoubleVPN_bot запущен.
2025-06-06 22:17:08,532 | INFO | app_logger - Администратор dlma зашел в админ панель.
2025-06-06 22:17:25,086 | INFO | app_logger - Пользователь dlma зашел в юзер панель.
2025-06-06 22:17:37,439 | INFO | app_logger - Администратор dlma вызвал команду /message_sending.
2025-07-03 22:10:17,290 | DEBUG | app_logger - Создание моделей...
2025-07-03 22:10:17,291 | INFO | app_logger - Миграция 001_user_vpnkey.py уже применена.
2025-07-03 22:10:17,291 | INFO | app_logger - Запуск миграций...
2025-07-03 22:10:17,498 | INFO | app_logger - Загрузка базовых команд...
2025-07-03 22:10:17,501 | INFO | app_logger - Проверка пользователей...
2025-07-03 22:10:17,501 | INFO | app_logger - Запущен планировщик для проверки подписки пользователей и отзыва ключей.
2025-07-03 22:10:17,560 | INFO | app_logger - Бот @xSubBro_bot запущен.
2025-07-03 22:10:22,113 | INFO | app_logger - Внимание! Новый юзер: Hgm - worthwhite
2025-07-03 22:15:17,506 | INFO | app_logger - Проверка пользователей...
2025-07-03 22:28:43,312 | DEBUG | app_logger - Создание моделей...
2025-07-03 22:28:43,313 | INFO | app_logger - Миграция 001_user_vpnkey.py уже применена.
2025-07-03 22:28:43,313 | INFO | app_logger - Запуск миграций...
2025-07-03 22:28:43,517 | INFO | app_logger - Загрузка базовых команд...
2025-07-03 22:28:43,521 | INFO | app_logger - Запущен планировщик для проверки подписки пользователей и отзыва ключей.
2025-07-03 22:28:43,521 | INFO | app_logger - Проверка пользователей...
2025-07-03 22:28:43,580 | INFO | app_logger - Бот @xSubBro_bot запущен.
2025-07-03 22:29:28,082 | DEBUG | app_logger - Создание моделей...
2025-07-03 22:29:28,083 | INFO | app_logger - Миграция 001_user_vpnkey.py уже применена.
2025-07-03 22:29:28,083 | INFO | app_logger - Запуск миграций...
2025-07-03 22:29:28,383 | INFO | app_logger - Загрузка базовых команд...
2025-07-03 22:29:28,387 | INFO | app_logger - Проверка пользователей...
2025-07-03 22:29:28,388 | INFO | app_logger - Запущен планировщик для проверки подписки пользователей и отзыва ключей.
2025-07-03 22:29:28,474 | INFO | app_logger - Бот @xSubBro_bot запущен.
2025-07-03 22:30:28,861 | DEBUG | app_logger - Создание моделей...
2025-07-03 22:30:28,862 | INFO | app_logger - Миграция 001_user_vpnkey.py уже применена.
2025-07-03 22:30:28,862 | INFO | app_logger - Запуск миграций...
2025-07-03 22:30:29,119 | INFO | app_logger - Загрузка базовых команд...
2025-07-03 22:30:29,121 | INFO | app_logger - Запущен планировщик для проверки подписки пользователей и отзыва ключей.
2025-07-03 22:30:29,121 | INFO | app_logger - Проверка пользователей...
2025-07-03 22:30:29,179 | INFO | app_logger - Бот @xDoubleVPN_bot запущен.
2025-07-15 17:33:29,505 | DEBUG | app_logger - Создание моделей...
2025-07-15 17:33:29,506 | INFO | app_logger - Миграция 001_user_vpnkey.py уже применена.
2025-07-15 17:33:29,507 | INFO | app_logger - Запуск миграций...
2025-07-15 17:33:29,893 | INFO | app_logger - Загрузка базовых команд...
2025-07-15 17:33:29,909 | INFO | app_logger - Запущен планировщик для проверки подписки пользователей и отзыва ключей.
2025-07-15 17:33:29,909 | INFO | app_logger - Проверка пользователей...
2025-07-15 17:33:29,984 | INFO | app_logger - Бот @xDoubleVPN_bot запущен.
2025-07-15 17:34:28,277 | DEBUG | app_logger - Создание моделей...
2025-07-15 17:34:28,278 | INFO | app_logger - Миграция 001_user_vpnkey.py уже применена.
2025-07-15 17:34:28,278 | INFO | app_logger - Запуск миграций...
2025-07-15 17:34:28,619 | INFO | app_logger - Загрузка базовых команд...
2025-07-15 17:34:28,622 | INFO | app_logger - Запущен планировщик для проверки подписки пользователей и отзыва ключей.
2025-07-15 17:34:28,622 | INFO | app_logger - Проверка пользователей...
2025-07-15 17:34:28,701 | INFO | app_logger - Бот @xPitcherBot запущен.
2025-07-15 17:34:41,973 | INFO | app_logger - Пользователь dlma зашел в юзер панель.
2025-07-15 17:39:28,633 | INFO | app_logger - Проверка пользователей...
2025-07-15 17:41:09,140 | DEBUG | app_logger - Создание моделей...
2025-07-15 17:41:09,140 | INFO | app_logger - Миграция 001_user_vpnkey.py уже применена.
2025-07-15 17:41:09,140 | INFO | app_logger - Запуск миграций...
2025-07-15 17:41:09,500 | INFO | app_logger - Загрузка базовых команд...
2025-07-15 17:41:09,507 | INFO | app_logger - Запущен планировщик для проверки подписки пользователей и отзыва ключей.
2025-07-15 17:41:09,508 | INFO | app_logger - Проверка пользователей...
2025-07-15 17:41:09,589 | INFO | app_logger - Бот @xPitcherBot запущен.
2025-07-15 17:41:32,652 | INFO | app_logger - Пользователь Hgm зашел в юзер панель.
2025-07-15 17:41:44,697 | INFO | app_logger - Пользователь Hgm зашел в юзер панель.
2025-07-15 17:41:49,494 | INFO | app_logger - Пользователь Hgm зашел в юзер панель.
2025-07-15 17:41:52,207 | INFO | app_logger - Пользователь Hgm вызвал команду /location
2025-07-15 17:41:54,520 | INFO | app_logger - Пользователь Hgm выбрал сервер Amsterdam
2025-07-15 17:41:54,521 | WARNING | app_logger - Для сервера Amsterdam не найдено свободных VPN ключей! Генерирую новый...
2025-07-15 17:41:54,631 | INFO | app_logger - Сгенерирован новый UUID для клиента: cdf017f4-1762-49ee-89ca-8f3d8efad3cd
2025-07-15 17:41:54,632 | ERROR | app_logger - Ошибка при подключении к 77.110.103.180: ('89.208.97.164 ssh-rsa AAAAB3NzaC1yc2EAAAADAQABAAABgQCJDnbyawRQnti72aEGAqiyKdrzbh4N+vkfyMogF09A5ZzyMB49pOHzypV0Hs45bM6nPPsqUrn9Vds+RL4i4QUCUSDIkUsFC0cdTKspr9sQKa6nTTMVjtgMI/IuKbGPZ5p93S5L3yFB0TLaHDbQaeRkRu+0gsly6UHHR9Q94rQ5UUSEDmN6VjaM3kqIJNp5VFqraz2KRnTyTzb7LstAIzEXE05oyIbyvhQMF7g2DTR3u2EGY8A08UByO3KP0rUoQg6Tx8/BYFbquGBrQn/kIH1qrTYNTywUkzQj0MNsD077lMXYephYv0beDkJpX58Mui9/kTqoZfEKCTO2mHcaxoUKrkJq/RhtV3EiKq0W6LlL2U3VNVU4jgbkeCEAhIcmvTggA1fqe', Error('Invalid base64-encoded string: number of data characters (421) cannot be 1 more than a multiple of 4'))
2025-07-15 17:41:54,632 | INFO | app_logger - Конфигурация Xray обновлена. Вывод: 
2025-07-15 17:41:54,633 | ERROR | app_logger - Ошибка при подключении к 77.110.103.180: ('89.208.97.164 ssh-rsa AAAAB3NzaC1yc2EAAAADAQABAAABgQCJDnbyawRQnti72aEGAqiyKdrzbh4N+vkfyMogF09A5ZzyMB49pOHzypV0Hs45bM6nPPsqUrn9Vds+RL4i4QUCUSDIkUsFC0cdTKspr9sQKa6nTTMVjtgMI/IuKbGPZ5p93S5L3yFB0TLaHDbQaeRkRu+0gsly6UHHR9Q94rQ5UUSEDmN6VjaM3kqIJNp5VFqraz2KRnTyTzb7LstAIzEXE05oyIbyvhQMF7g2DTR3u2EGY8A08UByO3KP0rUoQg6Tx8/BYFbquGBrQn/kIH1qrTYNTywUkzQj0MNsD077lMXYephYv0beDkJpX58Mui9/kTqoZfEKCTO2mHcaxoUKrkJq/RhtV3EiKq0W6LlL2U3VNVU4jgbkeCEAhIcmvTggA1fqe', Error('Invalid base64-encoded string: number of data characters (421) cannot be 1 more than a multiple of 4'))
2025-07-15 17:41:54,633 | INFO | app_logger - Служба Xray перезапущена. Вывод: 
2025-07-15 17:41:54,634 | ERROR | app_logger - Ошибка при подключении к 77.110.103.180: ('89.208.97.164 ssh-rsa AAAAB3NzaC1yc2EAAAADAQABAAABgQCJDnbyawRQnti72aEGAqiyKdrzbh4N+vkfyMogF09A5ZzyMB49pOHzypV0Hs45bM6nPPsqUrn9Vds+RL4i4QUCUSDIkUsFC0cdTKspr9sQKa6nTTMVjtgMI/IuKbGPZ5p93S5L3yFB0TLaHDbQaeRkRu+0gsly6UHHR9Q94rQ5UUSEDmN6VjaM3kqIJNp5VFqraz2KRnTyTzb7LstAIzEXE05oyIbyvhQMF7g2DTR3u2EGY8A08UByO3KP0rUoQg6Tx8/BYFbquGBrQn/kIH1qrTYNTywUkzQj0MNsD077lMXYephYv0beDkJpX58Mui9/kTqoZfEKCTO2mHcaxoUKrkJq/RhtV3EiKq0W6LlL2U3VNVU4jgbkeCEAhIcmvTggA1fqe', Error('Invalid base64-encoded string: number of data characters (421) cannot be 1 more than a multiple of 4'))
2025-07-15 17:41:54,634 | ERROR | app_logger - Ошибка при парсинге конфигурационного файла: Expecting value: line 1 column 1 (char 0)
2025-07-15 17:41:54,634 | ERROR | app_logger - Не удалось сгенерировать новый ключ!
2025-07-15 17:43:02,272 | INFO | app_logger - Пользователь Hgm зашел в юзер панель.
2025-07-15 17:43:04,146 | INFO | app_logger - Пользователь Hgm зашел в юзер панель.
2025-07-15 17:43:06,314 | INFO | app_logger - Пользователь Hgm вернулся в главное меню
2025-07-15 17:43:08,802 | INFO | app_logger - Пользователь Hgm зашел в юзер панель.
2025-07-15 17:43:26,721 | INFO | app_logger - Пользователь Hgm зашел в юзер панель.
2025-07-15 17:43:28,142 | INFO | app_logger - Пользователь Hgm зашел в юзер панель.
2025-07-15 17:43:29,623 | INFO | app_logger - Пользователь Hgm вернулся в главное меню
2025-07-15 17:43:33,925 | INFO | app_logger - Пользователь Hgm зашел в юзер панель.
2025-07-15 17:43:35,757 | INFO | app_logger - Пользователь Hgm зашел в юзер панель.
2025-07-15 17:43:39,273 | INFO | app_logger - Пользователь Hgm зашел в юзер панель.
2025-07-15 17:43:42,515 | INFO | app_logger - Пользователь Hgm вызвал команду /location
2025-07-15 17:43:50,358 | INFO | app_logger - Пользователь Hgm вызвал команду /location
2025-07-15 17:43:51,569 | INFO | app_logger - Пользователь Hgm выбрал сервер Amsterdam
2025-07-15 17:43:51,569 | WARNING | app_logger - Для сервера Amsterdam не найдено свободных VPN ключей! Генерирую новый...
2025-07-15 17:43:51,676 | INFO | app_logger - Сгенерирован новый UUID для клиента: c2102d66-a687-4ac1-ae34-54f084cffe9f
2025-07-15 17:43:51,677 | ERROR | app_logger - Ошибка при подключении к 77.110.103.180: ('89.208.97.164 ssh-rsa AAAAB3NzaC1yc2EAAAADAQABAAABgQCJDnbyawRQnti72aEGAqiyKdrzbh4N+vkfyMogF09A5ZzyMB49pOHzypV0Hs45bM6nPPsqUrn9Vds+RL4i4QUCUSDIkUsFC0cdTKspr9sQKa6nTTMVjtgMI/IuKbGPZ5p93S5L3yFB0TLaHDbQaeRkRu+0gsly6UHHR9Q94rQ5UUSEDmN6VjaM3kqIJNp5VFqraz2KRnTyTzb7LstAIzEXE05oyIbyvhQMF7g2DTR3u2EGY8A08UByO3KP0rUoQg6Tx8/BYFbquGBrQn/kIH1qrTYNTywUkzQj0MNsD077lMXYephYv0beDkJpX58Mui9/kTqoZfEKCTO2mHcaxoUKrkJq/RhtV3EiKq0W6LlL2U3VNVU4jgbkeCEAhIcmvTggA1fqe', Error('Invalid base64-encoded string: number of data characters (421) cannot be 1 more than a multiple of 4'))
2025-07-15 17:43:51,677 | INFO | app_logger - Конфигурация Xray обновлена. Вывод: 
2025-07-15 17:43:51,678 | ERROR | app_logger - Ошибка при подключении к 77.110.103.180: ('89.208.97.164 ssh-rsa AAAAB3NzaC1yc2EAAAADAQABAAABgQCJDnbyawRQnti72aEGAqiyKdrzbh4N+vkfyMogF09A5ZzyMB49pOHzypV0Hs45bM6nPPsqUrn9Vds+RL4i4QUCUSDIkUsFC0cdTKspr9sQKa6nTTMVjtgMI/IuKbGPZ5p93S5L3yFB0TLaHDbQaeRkRu+0gsly6UHHR9Q94rQ5UUSEDmN6VjaM3kqIJNp5VFqraz2KRnTyTzb7LstAIzEXE05oyIbyvhQMF7g2DTR3u2EGY8A08UByO3KP0rUoQg6Tx8/BYFbquGBrQn/kIH1qrTYNTywUkzQj0MNsD077lMXYephYv0beDkJpX58Mui9/kTqoZfEKCTO2mHcaxoUKrkJq/RhtV3EiKq0W6LlL2U3VNVU4jgbkeCEAhIcmvTggA1fqe', Error('Invalid base64-encoded string: number of data characters (421) cannot be 1 more than a multiple of 4'))
2025-07-15 17:43:51,678 | INFO | app_logger - Служба Xray перезапущена. Вывод: 
2025-07-15 17:43:51,679 | ERROR | app_logger - Ошибка при подключении к 77.110.103.180: ('89.208.97.164 ssh-rsa AAAAB3NzaC1yc2EAAAADAQABAAABgQCJDnbyawRQnti72aEGAqiyKdrzbh4N+vkfyMogF09A5ZzyMB49pOHzypV0Hs45bM6nPPsqUrn9Vds+RL4i4QUCUSDIkUsFC0cdTKspr9sQKa6nTTMVjtgMI/IuKbGPZ5p93S5L3yFB0TLaHDbQaeRkRu+0gsly6UHHR9Q94rQ5UUSEDmN6VjaM3kqIJNp5VFqraz2KRnTyTzb7LstAIzEXE05oyIbyvhQMF7g2DTR3u2EGY8A08UByO3KP0rUoQg6Tx8/BYFbquGBrQn/kIH1qrTYNTywUkzQj0MNsD077lMXYephYv0beDkJpX58Mui9/kTqoZfEKCTO2mHcaxoUKrkJq/RhtV3EiKq0W6LlL2U3VNVU4jgbkeCEAhIcmvTggA1fqe', Error('Invalid base64-encoded string: number of data characters (421) cannot be 1 more than a multiple of 4'))
2025-07-15 17:43:51,679 | ERROR | app_logger - Ошибка при парсинге конфигурационного файла: Expecting value: line 1 column 1 (char 0)
2025-07-15 17:43:51,679 | ERROR | app_logger - Не удалось сгенерировать новый ключ!
2025-07-15 17:46:09,508 | INFO | app_logger - Проверка пользователей...
2025-07-15 17:50:13,645 | DEBUG | app_logger - Создание моделей...
2025-07-15 17:50:13,646 | INFO | app_logger - Миграция 001_user_vpnkey.py уже применена.
2025-07-15 17:50:13,646 | INFO | app_logger - Запуск миграций...
2025-07-15 17:50:14,029 | INFO | app_logger - Загрузка базовых команд...
2025-07-15 17:50:14,032 | INFO | app_logger - Запущен планировщик для проверки подписки пользователей и отзыва ключей.
2025-07-15 17:50:14,032 | INFO | app_logger - Проверка пользователей...
2025-07-15 17:50:14,108 | INFO | app_logger - Бот @xPitcherBot запущен.
2025-07-15 17:50:17,637 | INFO | app_logger - Пользователь Hgm зашел в юзер панель.
2025-07-15 17:50:34,659 | DEBUG | app_logger - Создание моделей...
2025-07-15 17:50:34,660 | INFO | app_logger - Миграция 001_user_vpnkey.py уже применена.
2025-07-15 17:50:34,660 | INFO | app_logger - Запуск миграций...
2025-07-15 17:50:35,406 | INFO | app_logger - Загрузка базовых команд...
2025-07-15 17:50:35,409 | INFO | app_logger - Запущен планировщик для проверки подписки пользователей и отзыва ключей.
2025-07-15 17:50:35,410 | INFO | app_logger - Проверка пользователей...
2025-07-15 17:50:35,489 | INFO | app_logger - Бот @xPitcherBot запущен.
2025-07-15 17:50:36,182 | INFO | app_logger - Пользователь Hgm зашел в юзер панель.
2025-07-15 17:51:53,685 | DEBUG | app_logger - Создание моделей...
2025-07-15 17:51:53,686 | INFO | app_logger - Миграция 001_user_vpnkey.py уже применена.
2025-07-15 17:51:53,687 | INFO | app_logger - Запуск миграций...
2025-07-15 17:51:54,080 | INFO | app_logger - Загрузка базовых команд...
2025-07-15 17:51:54,082 | INFO | app_logger - Запущен планировщик для проверки подписки пользователей и отзыва ключей.
2025-07-15 17:51:54,082 | INFO | app_logger - Проверка пользователей...
2025-07-15 17:51:54,170 | INFO | app_logger - Бот @xPitcherBot запущен.
2025-07-15 17:51:58,627 | INFO | app_logger - Пользователь Hgm зашел в юзер панель.
2025-07-15 17:52:30,463 | DEBUG | app_logger - Создание моделей...
2025-07-15 17:52:30,464 | INFO | app_logger - Миграция 001_user_vpnkey.py уже применена.
2025-07-15 17:52:30,464 | INFO | app_logger - Запуск миграций...
2025-07-15 17:52:30,866 | INFO | app_logger - Загрузка базовых команд...
2025-07-15 17:52:30,870 | INFO | app_logger - Запущен планировщик для проверки подписки пользователей и отзыва ключей.
2025-07-15 17:52:30,871 | INFO | app_logger - Проверка пользователей...
2025-07-15 17:52:30,952 | INFO | app_logger - Бот @xPitcherBot запущен.
2025-07-15 17:52:34,271 | INFO | app_logger - Пользователь Hgm зашел в юзер панель.
2025-07-15 17:57:21,315 | DEBUG | app_logger - Создание моделей...
2025-07-15 17:57:21,315 | INFO | app_logger - Миграция 001_user_vpnkey.py уже применена.
2025-07-15 17:57:21,316 | INFO | app_logger - Запуск миграций...
2025-07-15 17:57:21,725 | INFO | app_logger - Загрузка базовых команд...
2025-07-15 17:57:21,727 | INFO | app_logger - Запущен планировщик для проверки подписки пользователей и отзыва ключей.
2025-07-15 17:57:21,728 | INFO | app_logger - Проверка пользователей...
2025-07-15 17:57:21,801 | INFO | app_logger - Бот @xPitcherBot запущен.
2025-07-15 17:57:33,256 | INFO | app_logger - Пользователь Hgm зашел в юзер панель.
2025-07-15 17:59:34,129 | DEBUG | app_logger - Создание моделей...
2025-07-15 17:59:34,130 | INFO | app_logger - Миграция 001_user_vpnkey.py уже применена.
2025-07-15 17:59:34,130 | INFO | app_logger - Запуск миграций...
2025-07-15 17:59:34,581 | INFO | app_logger - Загрузка базовых команд...
2025-07-15 17:59:34,591 | INFO | app_logger - Запущен планировщик для проверки подписки пользователей и отзыва ключей.
2025-07-15 17:59:34,591 | INFO | app_logger - Проверка пользователей...
2025-07-15 17:59:34,679 | INFO | app_logger - Бот @xPitcherBot запущен.
2025-07-15 17:59:36,028 | INFO | app_logger - Пользователь Hgm зашел в юзер панель.
2025-07-15 18:00:03,695 | DEBUG | app_logger - Создание моделей...
2025-07-15 18:00:03,696 | INFO | app_logger - Миграция 001_user_vpnkey.py уже применена.
2025-07-15 18:00:03,696 | INFO | app_logger - Запуск миграций...
2025-07-15 18:00:04,060 | INFO | app_logger - Загрузка базовых команд...
2025-07-15 18:00:04,070 | INFO | app_logger - Запущен планировщик для проверки подписки пользователей и отзыва ключей.
2025-07-15 18:00:04,070 | INFO | app_logger - Проверка пользователей...
2025-07-15 18:00:04,148 | INFO | app_logger - Бот @xPitcherBot запущен.
2025-07-15 18:00:13,113 | INFO | app_logger - Пользователь Hgm зашел в юзер панель.
2025-07-15 18:02:24,335 | DEBUG | app_logger - Создание моделей...
2025-07-15 18:02:24,336 | INFO | app_logger - Миграция 001_user_vpnkey.py уже применена.
2025-07-15 18:02:24,336 | INFO | app_logger - Запуск миграций...
2025-07-15 18:02:24,666 | INFO | app_logger - Загрузка базовых команд...
2025-07-15 18:02:24,668 | INFO | app_logger - Запущен планировщик для проверки подписки пользователей и отзыва ключей.
2025-07-15 18:02:24,668 | INFO | app_logger - Проверка пользователей...
2025-07-15 18:02:24,744 | INFO | app_logger - Бот @xPitcherBot запущен.
2025-07-15 18:02:25,600 | INFO | app_logger - Пользователь Hgm зашел в юзер панель.
2025-07-15 18:02:34,552 | DEBUG | app_logger - Создание моделей...
2025-07-15 18:02:34,553 | INFO | app_logger - Миграция 001_user_vpnkey.py уже применена.
2025-07-15 18:02:34,554 | INFO | app_logger - Запуск миграций...
2025-07-15 18:02:34,891 | INFO | app_logger - Загрузка базовых команд...
2025-07-15 18:02:34,898 | INFO | app_logger - Запущен планировщик для проверки подписки пользователей и отзыва ключей.
2025-07-15 18:02:34,898 | INFO | app_logger - Проверка пользователей...
2025-07-15 18:02:34,979 | INFO | app_logger - Бот @xPitcherBot запущен.
2025-07-15 18:02:38,826 | INFO | app_logger - Пользователь Hgm зашел в юзер панель.
2025-07-15 18:03:09,602 | DEBUG | app_logger - Создание моделей...
2025-07-15 18:03:09,603 | INFO | app_logger - Миграция 001_user_vpnkey.py уже применена.
2025-07-15 18:03:09,603 | INFO | app_logger - Запуск миграций...
2025-07-15 18:03:09,950 | INFO | app_logger - Загрузка базовых команд...
2025-07-15 18:03:09,953 | INFO | app_logger - Запущен планировщик для проверки подписки пользователей и отзыва ключей.
2025-07-15 18:03:09,953 | INFO | app_logger - Проверка пользователей...
2025-07-15 18:03:10,033 | INFO | app_logger - Бот @xPitcherBot запущен.
2025-07-15 18:03:12,839 | INFO | app_logger - Пользователь Hgm зашел в юзер панель.
2025-07-15 18:03:38,051 | DEBUG | app_logger - Создание моделей...
2025-07-15 18:03:38,051 | INFO | app_logger - Миграция 001_user_vpnkey.py уже применена.
2025-07-15 18:03:38,052 | INFO | app_logger - Запуск миграций...
2025-07-15 18:03:38,436 | INFO | app_logger - Загрузка базовых команд...
2025-07-15 18:03:38,439 | INFO | app_logger - Запущен планировщик для проверки подписки пользователей и отзыва ключей.
2025-07-15 18:03:38,439 | INFO | app_logger - Проверка пользователей...
2025-07-15 18:03:38,520 | INFO | app_logger - Бот @xPitcherBot запущен.
2025-07-15 18:03:40,009 | INFO | app_logger - Пользователь Hgm зашел в юзер панель.
2025-07-15 18:04:17,563 | INFO | app_logger - Пользователь Hgm зашел в юзер панель.
2025-07-15 18:04:20,000 | INFO | app_logger - Пользователь Hgm вызвал команду /instruction
2025-07-15 18:04:23,829 | INFO | app_logger - Пользователь Hgm зашел в юзер панель.
2025-07-15 18:04:25,086 | INFO | app_logger - Пользователь Hgm вызвал команду /location
2025-07-15 18:04:31,702 | INFO | app_logger - Пользователь Hgm зашел в юзер панель.
2025-07-15 18:04:33,209 | INFO | app_logger - Пользователь Hgm зашел в юзер панель.
2025-07-15 18:04:48,122 | INFO | app_logger - Пользователь Hgm зашел в юзер панель.
2025-07-15 18:04:54,933 | INFO | app_logger - Пользователь Hgm зашел в юзер панель.
2025-07-15 18:04:59,920 | INFO | app_logger - Пользователь Hgm вызвал команду /location
2025-07-15 18:05:02,134 | INFO | app_logger - Пользователь Hgm вызвал команду /instruction
2025-07-15 18:08:38,443 | INFO | app_logger - Проверка пользователей...
2025-07-15 18:12:08,774 | DEBUG | app_logger - Создание моделей...
2025-07-15 18:12:08,775 | INFO | app_logger - Миграция 001_user_vpnkey.py уже применена.
2025-07-15 18:12:08,775 | INFO | app_logger - Запуск миграций...
2025-07-15 18:12:09,112 | INFO | app_logger - Загрузка базовых команд...
2025-07-15 18:12:09,118 | INFO | app_logger - Запущен планировщик для проверки подписки пользователей и отзыва ключей.
2025-07-15 18:12:09,119 | INFO | app_logger - Проверка пользователей...
2025-07-15 18:12:09,201 | INFO | app_logger - Бот @xPitcherBot запущен.
2025-07-15 18:12:13,206 | INFO | app_logger - Пользователь Hgm вызвал команду /location
2025-07-15 18:12:14,442 | INFO | app_logger - Пользователь Hgm вызвал команду /instruction
2025-07-15 18:17:09,120 | INFO | app_logger - Проверка пользователей...
2025-07-15 18:22:09,125 | INFO | app_logger - Проверка пользователей...
2025-07-15 18:27:09,117 | INFO | app_logger - Проверка пользователей...
2025-07-15 18:32:09,119 | INFO | app_logger - Проверка пользователей...
2025-07-15 18:37:09,127 | INFO | app_logger - Проверка пользователей...
2025-07-15 18:42:09,120 | INFO | app_logger - Проверка пользователей...
2025-07-15 18:47:09,115 | INFO | app_logger - Проверка пользователей...
2025-07-15 18:52:09,119 | INFO | app_logger - Проверка пользователей...
2025-07-15 18:56:06,602 | INFO | app_logger - Пользователь Hgm зашел в юзер панель.
2025-07-15 18:57:09,114 | INFO | app_logger - Проверка пользователей...
2025-07-15 19:02:09,114 | INFO | app_logger - Проверка пользователей...
2025-07-15 19:07:09,117 | INFO | app_logger - Проверка пользователей...
2025-07-15 19:12:09,115 | INFO | app_logger - Проверка пользователей...
2025-07-15 19:17:09,118 | INFO | app_logger - Проверка пользователей...
2025-07-15 19:22:09,114 | INFO | app_logger - Проверка пользователей...
2025-07-15 19:27:09,120 | INFO | app_logger - Проверка пользователей...
2025-07-15 19:32:09,118 | INFO | app_logger - Проверка пользователей...
2025-07-15 19:37:09,129 | INFO | app_logger - Проверка пользователей...
2025-07-15 19:42:09,114 | INFO | app_logger - Проверка пользователей...
2025-07-15 19:47:09,124 | INFO | app_logger - Проверка пользователей...
2025-07-15 19:52:09,127 | INFO | app_logger - Проверка пользователей...
2025-07-15 19:52:09,689 | ERROR | app_logger - Ошибка при получении информации о пользователе 5387020491: ('Connection aborted.', ConnectionResetError(10054, 'Удаленный хост принудительно разорвал существующее подключение', None, 10054, None))
2025-07-15 19:52:09,689 | INFO | app_logger - Пользователь dlma не подписан на канал.
2025-07-15 19:57:09,114 | INFO | app_logger - Проверка пользователей...
2025-07-15 20:02:09,114 | INFO | app_logger - Проверка пользователей...
2025-07-15 20:07:09,118 | INFO | app_logger - Проверка пользователей...
2025-07-15 21:07:09,124 | INFO | app_logger - Проверка пользователей...
2025-07-15 21:12:09,124 | INFO | app_logger - Проверка пользователей...
2025-07-15 21:17:09,116 | INFO | app_logger - Проверка пользователей...
2025-07-15 21:22:09,121 | INFO | app_logger - Проверка пользователей...
2025-07-15 21:27:09,119 | INFO | app_logger - Проверка пользователей...
2025-07-15 21:32:09,127 | INFO | app_logger - Проверка пользователей...
2025-07-15 21:37:09,117 | INFO | app_logger - Проверка пользователей...
2025-07-15 21:42:09,119 | INFO | app_logger - Проверка пользователей...
2025-07-15 21:47:09,127 | INFO | app_logger - Проверка пользователей...
2025-07-15 21:52:09,116 | INFO | app_logger - Проверка пользователей...
2025-07-15 21:57:09,118 | INFO | app_logger - Проверка пользователей...
2025-07-15 22:02:09,125 | INFO | app_logger - Проверка пользователей...
